<component name="CopyrightManager">
  <copyright>
    <option name="notice" value="Copyright (c) 2012-2015 Microsoft Mobile.  All Rights Reserved. &#10;&#10;This file is based on or incorporates material from JUnit http://junit.org.&#10;(collectively, &quot;Third Party Code&quot;). Microsoft Mobile is not the original&#10;author of the Third Party Code.&#10;&#10;This program and the accompanying materials are made available under the terms&#10;of the Eclipse Public License v1.0 which accompanies this distribution, and is&#10;available at http://www.eclipse.org/legal/epl-v10.html." />
    <option name="keyword" value="Copyright" />
    <option name="allowReplaceKeyword" value="" />
    <option name="myName" value="JUnit originated source copyright" />
    <option name="myLocal" value="true" />
  </copyright>
</component>